[debug] [2022-09-16T08:00:31.605Z] ----------------------------------------------------------------------
[debug] [2022-09-16T08:00:31.606Z] Command:       C:\Program Files\nodejs\node.exe C:\Users\Admin\AppData\Roaming\npm\node_modules\firebase-tools\lib\bin\firebase.js init
[debug] [2022-09-16T08:00:31.607Z] CLI Version:   11.9.0
[debug] [2022-09-16T08:00:31.607Z] Platform:      win32
[debug] [2022-09-16T08:00:31.607Z] Node Version:  v16.16.0
[debug] [2022-09-16T08:00:31.608Z] Time:          Fri Sep 16 2022 15:00:31 GMT+0700 (Indochina Time)
[debug] [2022-09-16T08:00:31.608Z] ----------------------------------------------------------------------
[debug] 
[debug] [2022-09-16T08:00:31.615Z] > command requires scopes: ["email","openid","https://www.googleapis.com/auth/cloudplatformprojects.readonly","https://www.googleapis.com/auth/firebase","https://www.googleapis.com/auth/cloud-platform"]
[debug] [2022-09-16T08:00:31.615Z] > authorizing via signed-in user (tuanlmhtpc@gmail.com)
[info] 
     ######## #### ########  ######## ########     ###     ######  ########
     ##        ##  ##     ## ##       ##     ##  ##   ##  ##       ##
     ######    ##  ########  ######   ########  #########  ######  ######
     ##        ##  ##    ##  ##       ##     ## ##     ##       ## ##
     ##       #### ##     ## ######## ########  ##     ##  ######  ########

You're about to initialize a Firebase project in this directory:

  C:\Users\Admin\OneDrive\Desktop\CODE\DoAn

[info] 
=== Project Setup
[info] 
[info] First, let's associate this project directory with a Firebase project.
[info] You can create multiple project aliases by running firebase use --add, 
[info] but for now we'll just set up a default project.
[info] 
[debug] [2022-09-16T08:02:18.497Z] > refreshing access token with scopes: []
[debug] [2022-09-16T08:02:18.499Z] >>> [apiv2][query] POST https://www.googleapis.com/oauth2/v3/token [none]
[debug] [2022-09-16T08:02:18.499Z] >>> [apiv2][body] POST https://www.googleapis.com/oauth2/v3/token [omitted]
[debug] [2022-09-16T08:02:18.717Z] <<< [apiv2][status] POST https://www.googleapis.com/oauth2/v3/token 200
[debug] [2022-09-16T08:02:18.717Z] <<< [apiv2][body] POST https://www.googleapis.com/oauth2/v3/token [omitted]
[debug] [2022-09-16T08:02:18.728Z] >>> [apiv2][query] GET https://firebase.googleapis.com/v1beta1/projects pageSize=100
[debug] [2022-09-16T08:02:19.371Z] <<< [apiv2][status] GET https://firebase.googleapis.com/v1beta1/projects 200
[debug] [2022-09-16T08:02:19.371Z] <<< [apiv2][body] GET https://firebase.googleapis.com/v1beta1/projects [omitted]
[info] i  Using project landingpage-4ae75 (landingpage) 
[info] 
=== Database Setup
[info] i  database: ensuring required API firebasedatabase.googleapis.com is enabled... 
[debug] [2022-09-16T08:02:26.991Z] >>> [apiv2][query] GET https://serviceusage.googleapis.com/v1/projects/landingpage-4ae75/services/firebasedatabase.googleapis.com [none]
[debug] [2022-09-16T08:02:28.341Z] <<< [apiv2][status] GET https://serviceusage.googleapis.com/v1/projects/landingpage-4ae75/services/firebasedatabase.googleapis.com 200
[debug] [2022-09-16T08:02:28.341Z] <<< [apiv2][body] GET https://serviceusage.googleapis.com/v1/projects/landingpage-4ae75/services/firebasedatabase.googleapis.com [omitted]
[warn] !  database: missing required API firebasedatabase.googleapis.com. Enabling now... 
[debug] [2022-09-16T08:02:28.343Z] >>> [apiv2][query] POST https://serviceusage.googleapis.com/v1/projects/landingpage-4ae75/services/firebasedatabase.googleapis.com:enable [none]
[debug] [2022-09-16T08:02:29.734Z] <<< [apiv2][status] POST https://serviceusage.googleapis.com/v1/projects/landingpage-4ae75/services/firebasedatabase.googleapis.com:enable 200
[debug] [2022-09-16T08:02:29.734Z] <<< [apiv2][body] POST https://serviceusage.googleapis.com/v1/projects/landingpage-4ae75/services/firebasedatabase.googleapis.com:enable [omitted]
[debug] [2022-09-16T08:02:39.735Z] >>> [apiv2][query] GET https://serviceusage.googleapis.com/v1/projects/landingpage-4ae75/services/firebasedatabase.googleapis.com [none]
[debug] [2022-09-16T08:02:41.080Z] <<< [apiv2][status] GET https://serviceusage.googleapis.com/v1/projects/landingpage-4ae75/services/firebasedatabase.googleapis.com 200
[debug] [2022-09-16T08:02:41.080Z] <<< [apiv2][body] GET https://serviceusage.googleapis.com/v1/projects/landingpage-4ae75/services/firebasedatabase.googleapis.com [omitted]
[info] +  database: required API firebasedatabase.googleapis.com is enabled 
[info] 
[debug] [2022-09-16T08:02:41.085Z] >>> [apiv2][query] GET https://firebase.googleapis.com/v1beta1/projects/landingpage-4ae75 [none]
[debug] [2022-09-16T08:02:41.463Z] <<< [apiv2][status] GET https://firebase.googleapis.com/v1beta1/projects/landingpage-4ae75 200
[debug] [2022-09-16T08:02:41.463Z] <<< [apiv2][body] GET https://firebase.googleapis.com/v1beta1/projects/landingpage-4ae75 {"projectId":"landingpage-4ae75","projectNumber":"737918608636","displayName":"landingpage","name":"projects/landingpage-4ae75","resources":{"hostingSite":"landingpage-4ae75"},"state":"ACTIVE","etag":"1_b42ebe20-26f5-4e5b-a932-b5a739ffefdf"}
[debug] [2022-09-16T08:02:53.015Z] >>> [apiv2][query] POST https://firebasedatabase.googleapis.com/v1beta/projects/landingpage-4ae75/locations/asia-southeast1/instances databaseId=landingpage-4ae75-default-rtdb&validateOnly=true
[debug] [2022-09-16T08:02:53.015Z] >>> [apiv2][body] POST https://firebasedatabase.googleapis.com/v1beta/projects/landingpage-4ae75/locations/asia-southeast1/instances {"type":"default_database"}
[debug] [2022-09-16T08:02:53.944Z] <<< [apiv2][status] POST https://firebasedatabase.googleapis.com/v1beta/projects/landingpage-4ae75/locations/asia-southeast1/instances 200
[debug] [2022-09-16T08:02:53.944Z] <<< [apiv2][body] POST https://firebasedatabase.googleapis.com/v1beta/projects/landingpage-4ae75/locations/asia-southeast1/instances {"name":"projects/737918608636/locations/asia-southeast1/instances/landingpage-4ae75-default-rtdb","project":"projects/737918608636","databaseUrl":"https://landingpage-4ae75-default-rtdb.asia-southeast1.firebasedatabase.app","type":"DEFAULT_DATABASE","state":"ACTIVE"}
[debug] [2022-09-16T08:02:53.948Z] >>> [apiv2][query] POST https://firebasedatabase.googleapis.com/v1beta/projects/landingpage-4ae75/locations/asia-southeast1/instances databaseId=landingpage-4ae75-default-rtdb
[debug] [2022-09-16T08:02:53.948Z] >>> [apiv2][body] POST https://firebasedatabase.googleapis.com/v1beta/projects/landingpage-4ae75/locations/asia-southeast1/instances {"type":"default_database"}
[debug] [2022-09-16T08:02:55.194Z] <<< [apiv2][status] POST https://firebasedatabase.googleapis.com/v1beta/projects/landingpage-4ae75/locations/asia-southeast1/instances 200
[debug] [2022-09-16T08:02:55.194Z] <<< [apiv2][body] POST https://firebasedatabase.googleapis.com/v1beta/projects/landingpage-4ae75/locations/asia-southeast1/instances {"name":"projects/737918608636/locations/asia-southeast1/instances/landingpage-4ae75-default-rtdb","project":"projects/737918608636","databaseUrl":"https://landingpage-4ae75-default-rtdb.asia-southeast1.firebasedatabase.app","type":"DEFAULT_DATABASE","state":"ACTIVE"}
[info] 
[info] Firebase Realtime Database Security Rules allow you to define how your data should be
[info] structured and when your data can be read from and written to.
[info] 
[debug] [2022-09-16T08:03:01.895Z] >>> [apiv2][query] GET https://landingpage-4ae75-default-rtdb.asia-southeast1.firebasedatabase.app/.settings/rules.json [none]
[debug] [2022-09-16T08:03:04.075Z] <<< [apiv2][status] GET https://landingpage-4ae75-default-rtdb.asia-southeast1.firebasedatabase.app/.settings/rules.json 200
[debug] [2022-09-16T08:03:04.075Z] <<< [apiv2][body] GET https://landingpage-4ae75-default-rtdb.asia-southeast1.firebasedatabase.app/.settings/rules.json [stream]
[info] +  Database Rules for landingpage-4ae75-default-rtdb have been written to database.rules.json. 
[info] Future modifications to database.rules.json will update Realtime Database Security Rules when you run
[info] firebase deploy.
[info] 
=== Hosting Setup
[info] 
[info] Your public directory is the folder (relative to your project directory) that
[info] will contain Hosting assets to be uploaded with firebase deploy. If you
[info] have a build process for your assets, use your build's output directory.
[info] 
[debug] [2022-09-16T08:04:09.727Z] >>> [apiv2][query] GET https://www.gstatic.com/firebasejs/releases.json [none]
[debug] [2022-09-16T08:04:09.884Z] <<< [apiv2][status] GET https://www.gstatic.com/firebasejs/releases.json 200
[debug] [2022-09-16T08:04:09.884Z] <<< [apiv2][body] GET https://www.gstatic.com/firebasejs/releases.json {"current":{"version":"9.10.0","browserURL":"https://www.gstatic.com/firebasejs/9.10.0/firebase.js","packageURL":"https://www.gstatic.com/firebasejs/9.10.0/firebase.tgz"},"live":{"version":"9.10","browserURL":"https://www.gstatic.com/firebasejs/live/9.10/firebase.js","packageURL":"https://www.gstatic.com/firebasejs/live/9.10/firebase.tgz"},"components":{"analytics":"https://www.gstatic.com/firebasejs/9.10.0/firebase-analytics.js","app":"https://www.gstatic.com/firebasejs/9.10.0/firebase-app.js","app-check":"https://www.gstatic.com/firebasejs/9.10.0/firebase-app-check.js","auth":"https://www.gstatic.com/firebasejs/9.10.0/firebase-auth.js","auth/cordova":"https://www.gstatic.com/firebasejs/9.10.0/firebase-auth/cordova.js","auth/react-native":"https://www.gstatic.com/firebasejs/9.10.0/firebase-auth/react-native.js","functions":"https://www.gstatic.com/firebasejs/9.10.0/firebase-functions.js","firestore":"https://www.gstatic.com/firebasejs/9.10.0/firebase-firestore.js","firestore/lite":"https://www.gstatic.com/firebasejs/9.10.0/firebase-firestore/lite.js","installations":"https://www.gstatic.com/firebasejs/9.10.0/firebase-installations.js","storage":"https://www.gstatic.com/firebasejs/9.10.0/firebase-storage.js","performance":"https://www.gstatic.com/firebasejs/9.10.0/firebase-performance.js","remote-config":"https://www.gstatic.com/firebasejs/9.10.0/firebase-remote-config.js","messaging":"https://www.gstatic.com/firebasejs/9.10.0/firebase-messaging.js","messaging/sw":"https://www.gstatic.com/firebasejs/9.10.0/firebase-messaging/sw.js","database":"https://www.gstatic.com/firebasejs/9.10.0/firebase-database.js","firestore.memory":"https://www.gstatic.com/firebasejs/9.10.0/firebase-firestore.memory.js"}}
[info] +  Wrote public/index.html 
[info] 
[info] i  Didn't detect a .git folder. Assuming C:\Users\Admin\OneDrive\Desktop\CODE\DoAn is the project root. 
[info] i  Authorizing with GitHub to upload your service account to a GitHub repository's secrets store. 
[info] 
[info] Visit this URL on this device to log in:
[info] https://github.com/login/oauth/authorize?client_id=89cf50f02ac6aaed3484&state=798048751&redirect_uri=http%3A%2F%2Flocalhost%3A9005&scope=read%3Auser%20repo%20public_repo
[info] 
[info] Waiting for authentication...
[debug] [2022-09-16T08:04:17.739Z] >>> [apiv2][query] POST https://github.com/login/oauth/access_token [none]
[debug] [2022-09-16T08:04:17.740Z] >>> [apiv2][body] POST https://github.com/login/oauth/access_token [stream]
[debug] [2022-09-16T08:04:18.231Z] <<< [apiv2][status] POST https://github.com/login/oauth/access_token 200
[debug] [2022-09-16T08:04:18.231Z] <<< [apiv2][body] POST https://github.com/login/oauth/access_token {"access_token":"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","token_type":"bearer","scope":"read:user,repo"}
[debug] [2022-09-16T08:04:18.239Z] >>> [apiv2][query] GET https://api.github.com/user [none]
[debug] [2022-09-16T08:04:18.704Z] <<< [apiv2][status] GET https://api.github.com/user 200
[debug] [2022-09-16T08:04:18.704Z] <<< [apiv2][body] GET https://api.github.com/user {"login":"acaly201","id":111849855,"node_id":"U_kgDOBqqxfw","avatar_url":"https://avatars.githubusercontent.com/u/111849855?v=4","gravatar_id":"","url":"https://api.github.com/users/acaly201","html_url":"https://github.com/acaly201","followers_url":"https://api.github.com/users/acaly201/followers","following_url":"https://api.github.com/users/acaly201/following{/other_user}","gists_url":"https://api.github.com/users/acaly201/gists{/gist_id}","starred_url":"https://api.github.com/users/acaly201/starred{/owner}{/repo}","subscriptions_url":"https://api.github.com/users/acaly201/subscriptions","organizations_url":"https://api.github.com/users/acaly201/orgs","repos_url":"https://api.github.com/users/acaly201/repos","events_url":"https://api.github.com/users/acaly201/events{/privacy}","received_events_url":"https://api.github.com/users/acaly201/received_events","type":"User","site_admin":false,"name":null,"company":null,"blog":"","location":null,"email":null,"hireable":null,"bio":null,"twitter_username":null,"public_repos":4,"public_gists":0,"followers":0,"following":0,"created_at":"2022-08-23T06:57:11Z","updated_at":"2022-08-23T08:55:06Z","private_gists":0,"total_private_repos":1,"owned_private_repos":1,"disk_usage":1325479,"collaborators":0,"two_factor_authentication":false,"plan":{"name":"free","space":976562499,"collaborators":0,"private_repos":10000}}
[info] 
[info] +  Success! Logged into GitHub as acaly201 
[info] 
